0 info it worked if it ends with ok
1 verbose cli [ 'C:\\Program Files\\nodejs\\node.exe',
1 verbose cli   'C:\\Program Files\\nodejs\\node_modules\\npm\\bin\\npm-cli.js',
1 verbose cli   'start' ]
2 info using npm@3.10.3
3 info using node@v6.7.0
4 verbose run-script [ 'prestart', 'start', 'poststart' ]
5 info lifecycle base-site@0.0.1~prestart: base-site@0.0.1
6 silly lifecycle base-site@0.0.1~prestart: no script for prestart, continuing
7 info lifecycle base-site@0.0.1~start: base-site@0.0.1
8 verbose lifecycle base-site@0.0.1~start: unsafe-perm in lifecycle true
9 verbose lifecycle base-site@0.0.1~start: PATH: C:\Program Files\nodejs\node_modules\npm\bin\node-gyp-bin;C:\sites\hackeryou\templates\base-site\node_modules\.bin;C:\Program Files\nodejs;C:\dev\cmder_mini\bin;C:\dev\cmder_mini\vendor\conemu-maximus5\ConEmu\Scripts;C:\dev\cmder_mini\vendor\conemu-maximus5;C:\dev\cmder_mini\vendor\conemu-maximus5\ConEmu;C:\ProgramData\Oracle\Java\javapath;C:\WINDOWS\system32;C:\WINDOWS;C:\WINDOWS\System32\Wbem;C:\WINDOWS\System32\WindowsPowerShell\v1.0\;C:\HashiCorp\Vagrant\bin;C:\Program Files (x86)\GTK2-Runtime\bin;C:\Users\Brian\.dnx\bin;C:\Program Files\Microsoft DNX\Dnvm\;C:\Program Files\Git\cmd;C:\Program Files (x86)\NVIDIA Corporation\PhysX\Common;C:\Program Files (x86)\GtkSharp\2.12\bin;C:\WINDOWS\system32;C:\WINDOWS;C:\WINDOWS\System32\Wbem;C:\WINDOWS\System32\WindowsPowerShell\v1.0\;C:\Program Files\nodejs\;C:\Ruby\bin;C:\Users\Brian\AppData\Local\Microsoft\WindowsApps;C:\Users\Brian\AppData\Roaming\npm;C:\Program Files\Git\usr\bin;C:\Program Files\Git\usr\share\vim\vim74;C:\dev\cmder_mini\
10 verbose lifecycle base-site@0.0.1~start: CWD: C:\sites\hackeryou\templates\base-site
11 silly lifecycle base-site@0.0.1~start: Args: [ '/d /s /c',
11 silly lifecycle   'concurrently --names "browsersync, stylus" --prefix name "npm run browsersync" "npm run watch"' ]
12 silly lifecycle base-site@0.0.1~start: Returned: code: 1  signal: null
13 info lifecycle base-site@0.0.1~start: Failed to exec start script
14 verbose stack Error: base-site@0.0.1 start: `concurrently --names "browsersync, stylus" --prefix name "npm run browsersync" "npm run watch"`
14 verbose stack Exit status 1
14 verbose stack     at EventEmitter.<anonymous> (C:\Program Files\nodejs\node_modules\npm\lib\utils\lifecycle.js:242:16)
14 verbose stack     at emitTwo (events.js:106:13)
14 verbose stack     at EventEmitter.emit (events.js:191:7)
14 verbose stack     at ChildProcess.<anonymous> (C:\Program Files\nodejs\node_modules\npm\lib\utils\spawn.js:40:14)
14 verbose stack     at emitTwo (events.js:106:13)
14 verbose stack     at ChildProcess.emit (events.js:191:7)
14 verbose stack     at maybeClose (internal/child_process.js:877:16)
14 verbose stack     at Process.ChildProcess._handle.onexit (internal/child_process.js:226:5)
15 verbose pkgid base-site@0.0.1
16 verbose cwd C:\sites\hackeryou\templates\base-site
17 error Windows_NT 10.0.14393
18 error argv "C:\\Program Files\\nodejs\\node.exe" "C:\\Program Files\\nodejs\\node_modules\\npm\\bin\\npm-cli.js" "start"
19 error node v6.7.0
20 error npm  v3.10.3
21 error code ELIFECYCLE
22 error base-site@0.0.1 start: `concurrently --names "browsersync, stylus" --prefix name "npm run browsersync" "npm run watch"`
22 error Exit status 1
23 error Failed at the base-site@0.0.1 start script 'concurrently --names "browsersync, stylus" --prefix name "npm run browsersync" "npm run watch"'.
23 error Make sure you have the latest version of node.js and npm installed.
23 error If you do, this is most likely a problem with the base-site package,
23 error not with npm itself.
23 error Tell the author that this fails on your system:
23 error     concurrently --names "browsersync, stylus" --prefix name "npm run browsersync" "npm run watch"
23 error You can get information on how to open an issue for this project with:
23 error     npm bugs base-site
23 error Or if that isn't available, you can get their info via:
23 error     npm owner ls base-site
23 error There is likely additional logging output above.
24 verbose exit [ 1, true ]
